
＝＝＝＝＝＝＝＝＝＝                                   
【日志级别】DEBUG                                   
【记录时间】2022-08-26 13:30:11,578                                   
【执行时间】[14234]毫秒                                   
【debug文件】E:\api\WebAPI\WebAPI\Controllers\ValuesController.cs                                   
【debug行号】30                                   
【debug类】WebAPI.Controllers.ValuesController 属性[(null)]                                   
【debug描述】111
＝＝＝＝＝＝＝＝＝＝                                   
【日志级别】DEBUG                                   
【记录时间】2022-08-26 13:31:03,463                                   
【执行时间】[66119]毫秒                                   
【debug文件】E:\api\WebAPI\WebAPI\Controllers\ValuesController.cs                                   
【debug行号】30                                   
【debug类】WebAPI.Controllers.ValuesController 属性[(null)]                                   
【debug描述】111
＝＝＝＝＝＝＝＝＝＝                                   
【日志级别】DEBUG                                   
【记录时间】2022-08-26 13:31:12,614                                   
【执行时间】[75270]毫秒                                   
【debug文件】E:\api\WebAPI\WebAPI\Controllers\ValuesController.cs                                   
【debug行号】30                                   
【debug类】WebAPI.Controllers.ValuesController 属性[(null)]                                   
【debug描述】111