
＝＝＝＝＝＝＝＝＝＝                                   
【日志级别】DEBUG                                   
【记录时间】2022-08-25 17:29:26,374                                   
【执行时间】[7680]毫秒                                   
【debug文件】E:\api\WebAPI\WebAPI\Controllers\ValuesController.cs                                   
【debug行号】29                                   
【debug类】WebAPI.Controllers.ValuesController 属性[(null)]                                   
【debug描述】111
＝＝＝＝＝＝＝＝＝＝                                   
【日志级别】DEBUG                                   
【记录时间】2022-08-25 17:32:21,179                                   
【执行时间】[7568]毫秒                                   
【debug文件】E:\api\WebAPI\WebAPI\Controllers\ValuesController.cs                                   
【debug行号】29                                   
【debug类】WebAPI.Controllers.ValuesController 属性[(null)]                                   
【debug描述】111
＝＝＝＝＝＝＝＝＝＝                                   
【日志级别】DEBUG                                   
【记录时间】2022-08-25 17:38:24,741                                   
【执行时间】[4925]毫秒                                   
【debug文件】E:\api\WebAPI\WebAPI\Controllers\ValuesController.cs                                   
【debug行号】29                                   
【debug类】WebAPI.Controllers.ValuesController 属性[(null)]                                   
【debug描述】111
＝＝＝＝＝＝＝＝＝＝                                   
【日志级别】DEBUG                                   
【记录时间】2022-08-25 17:41:14,066                                   
【执行时间】[174250]毫秒                                   
【debug文件】E:\api\WebAPI\WebAPI\Controllers\ValuesController.cs                                   
【debug行号】29                                   
【debug类】WebAPI.Controllers.ValuesController 属性[(null)]                                   
【debug描述】111
＝＝＝＝＝＝＝＝＝＝                                   
【日志级别】DEBUG                                   
【记录时间】2022-08-25 17:43:15,805                                   
【执行时间】[295989]毫秒                                   
【debug文件】E:\api\WebAPI\WebAPI\Controllers\ValuesController.cs                                   
【debug行号】29                                   
【debug类】WebAPI.Controllers.ValuesController 属性[(null)]                                   
【debug描述】111
＝＝＝＝＝＝＝＝＝＝                                   
【日志级别】DEBUG                                   
【记录时间】2022-08-25 17:48:54,673                                   
【执行时间】[2834]毫秒                                   
【debug文件】E:\api\WebAPI\WebAPI\Controllers\ValuesController.cs                                   
【debug行号】29                                   
【debug类】WebAPI.Controllers.ValuesController 属性[(null)]                                   
【debug描述】111
＝＝＝＝＝＝＝＝＝＝                                   
【日志级别】DEBUG                                   
【记录时间】2022-08-25 17:49:44,810                                   
【执行时间】[52971]毫秒                                   
【debug文件】E:\api\WebAPI\WebAPI\Controllers\ValuesController.cs                                   
【debug行号】29                                   
【debug类】WebAPI.Controllers.ValuesController 属性[(null)]                                   
【debug描述】111
＝＝＝＝＝＝＝＝＝＝                                   
【日志级别】DEBUG                                   
【记录时间】2022-08-25 17:52:16,353                                   
【执行时间】[5020]毫秒                                   
【debug文件】E:\api\WebAPI\WebAPI\Controllers\ValuesController.cs                                   
【debug行号】29                                   
【debug类】WebAPI.Controllers.ValuesController 属性[(null)]                                   
【debug描述】111
＝＝＝＝＝＝＝＝＝＝                                   
【日志级别】DEBUG                                   
【记录时间】2022-08-25 17:55:30,466                                   
【执行时间】[5259]毫秒                                   
【debug文件】E:\api\WebAPI\WebAPI\Controllers\ValuesController.cs                                   
【debug行号】29                                   
【debug类】WebAPI.Controllers.ValuesController 属性[(null)]                                   
【debug描述】111